<?xml version="1.0" encoding="UTF-8"?>
<!-- Generated by org.testng.reporters.JUnitReportReporter -->
<testsuite hostname="DESKTOP-P2BVMSV" failures="0" tests="2" name="SaimaNova.AutomationProject.annotation_example" time="0.011" errors="0" timestamp="2024-01-22T19:36:54 BDT" skipped="0">
  <testcase classname="SaimaNova.AutomationProject.annotation_example" name="secondtTest" time="0.010"/>
  <testcase classname="SaimaNova.AutomationProject.annotation_example" name="firstTest" time="0.001"/>
</testsuite> <!-- SaimaNova.AutomationProject.annotation_example -->
